Log started at 02.06.2024	19:02:59
Number of used processors (NPROC): 12.
Number of mesh partitions (NPART): 12.
Total Physical Memory = 15.83 Gb, Available Physical Memory = 4.62 Gb
Computer name:	DESKTOP-86M6504
Operating system:	Windows 11 (or higher) (Version 10.0.22631)

Commandline:	"D:\Program Files\SOLIDWORKS Corp\SOLIDWORKS Flow Simulation\BINCFW\efdsolver.exe" /config:"C:\Users\3adas\Desktop\eng design\project\solid\base\insid_cube\1\1.xmlconfig" /guid:60d3eefe-aded-42ea-a9da-c7cf9d504bc0 /processors:max /m /s /prjnamelm:"Flow Simulation 2023" /prjnamehabout:"Flow Simulation 2023" /companyname:"COSMOS Applications" /prjaliasid:1009 /lang:English /port:50362

SOLIDWORKS 2023 SP0.1
Flow Simulation 2023  x64 / 5726

Project: C:\Users\3adas\Desktop\eng design\project\solid\base\insid_cube\1\1.xmlconfig
Configuration name: Default
Project name: Project(1)
Problem type: external-type
Exclude cavities without flow conditions: ON
NGK: OFF
MBO: OFF
-----------------------------------------------------------------------
Mesher option run = eRunMesherNormal
-----------------------------------------------------------------------

Mesh generation started:	2.6.2024	19:2:59
-----------------------------------------------------------------------
Memory Working Set Current = 18.20 Mb, Memory Working Set Peak = 18.20 Mb
Memory Private Bytes Current = 17.48 Mb, Memory Private Bytes Peak = 17.48 Mb
Process Threads Number: 7
-----------------------------------------------------------------------
Mesher adjust APD = OFF; AdjustAPD_method=0; N_per_Channel = 0; N2_per_Channel = 0
Current CPU = 0 sec
-----------------------------------------------------------------------
Geometries initialization:
-----------------------------------------------------------------------
Loading mesh settings (global/local)...
-----------------------------------------------------------------------
Number of geometries from DB: 1
Geometry(0):
	Guid = {00000000-0000-0000-0000-000000000000}
	Fluid..
	5 Bodies.
	1 Real body.
	-- Bodyset 0 --
		Tolerance=4.15382e-05.
		1804 Face(s).
			1804 of b-spline type.
		0 Face(s) that have no ref faces
		1329 Plane surface(s).
		381 Cylinder surface(s).
		4 Cone surface(s).
		22 Sphere surface(s).
		36 Torus surface(s).
		32 B- surface(s).
		36440 Triangle(s).
		Getting triangle connectivities from DB: 0.005 s
		5372 Edge(s).
			5372 of b-spline type.
		BodyGeom reading: 0.070 s.
		34905 Reference Triangles.
		Getting triangle connectivities from DB (Ref): 0.004 s
		BodyGeom Ref reading: 0.008 s.
Geometry(1):
	Solid.
	-- Bodyset 1 --
	Empty
-----------------------------------------------------------------------
Number of geometries in task: 2
	G : 0	Type: Fluid
	G : 1	Type: Solid
Number of bodysets   in task: 2
-----------------------------------------------------------------------
BodySet (0):
	Making hash and connectivity for Bodyset ...
		CBodyGeom:
		Hash size: {40, 32, 32}.
		Mesh size: {40, 32, 32}.
		Hashing triangles...Ok.
			axis(0) tr sizes: average=95 max=1537
			axis(1) tr sizes: average=81 max=1385
			axis(2) tr sizes: average=80 max=641
		Number of t-connected sets:5 (cavity=0)
		CBodyGeomRef:
		Hashing triangles...Ok.
			axis(0) tr sizes: average=91 max=1505
			axis(1) tr sizes: average=77 max=1369
			axis(2) tr sizes: average=76 max=614
	0.0487 s.
Geometries reading and preparing has taken 0.152 s.
-----------------------------------------------------------------------
Mapped triangles:
Hashing rough geometry(bodies) triangulation:
BodySet (0):
	Triangles num=36440
	Triangles box={-0.112207 ,0.118193 ,-0.0243638 ,0.206036 ,-0.0899407 ,0.167259}
		3d-hash size is 366784 bytes
BodySet (1):
no log info (empty stream)

Mapped triangles processed in 0.034 s.
-----------------------------------------------------------------------
-----------------------------------------------------------------------
Getting sectors:
Number of sectors: 0
-----------------------------------------------------------------------
-----------------------------------------------------------------------
Bodies:     2
Faces:      1804
Edges:      5372
Triangles:  36440
-----------------------------------------------------------------------

Current CPU = 0 sec
-----------------------------------------------------------------------
Memory Working Set Current = 55.94 Mb, Memory Working Set Peak = 63.11 Mb
Memory Private Bytes Current = 56.41 Mb, Memory Private Bytes Peak = 63.03 Mb
Process Threads Number: 18
-----------------------------------------------------------------------
-----------------------------------------------------------------------
Checking faces on CD...
FCD = [0 0 0 0 0 0]
FCD_conflicts = 0
Time (check faces on CD)=0.000 s
-----------------------------------------------------------------------

-----------------------------------------------------------------------
Mesh dimensions:
				I[0 ]=40
				I[1 ]=32
				I[2 ]=32

Comp. domain size:
				a[0  ]=-0.804187
				a[1  ]=1.27142
				a[2  ]=-0.716344
				a[3  ]=0.898016
				a[4  ]=-0.781842
				a[5  ]=0.859128

Fluid calculated			1
Solid calculated			0
-----------------------------------------------------------------------
MESH Build started...
-----------------------------------------------------------------------
Mesh LEVEL = 1
-----------------------------------------------------------------------
-----------------------------------------------------------------------
CPT-mode xeps:
	D / dh / eps [axis=0] = (2.07561, 0.0201788, 2.01788e-05)
	D / dh / eps [axis=1] = (1.61436, 0.018834, 1.8834e-05)
	D / dh / eps [axis=2] = (1.64097, 0.0195712, 1.95712e-05)
-----------------------------------------------------------------------
Initial allocation and brick-body-box intersection...OK (0.001 s)
Initial triangle brick intersection...OK (0.000 s)
Setting regions (40960 / 40960)...OK (0.000 s)
-----------------------------------------------------------------------
Base mesh info:
	3D task
	Nx=40
	Ny=32
	Nz=32
	N(Nx*Ny*Nz) = 1280
	Period    axis=[0, 0, 0]
	Symmetry  ni=[0 0 0 0 0 0]
	ZoomingBC ni=[0 0 0 0 0 0]
	Nx=40
		x[0]=-0.804187
		x[1]=-0.729471
		x[2]=-0.658475
		x[3]=-0.590992
		x[4]=-0.526848
		x[5]=-0.465877
		x[6]=-0.407923
		x[7]=-0.352836
		x[8]=-0.300475
		x[9]=-0.250704
		x[10]=-0.203396
		x[11]=-0.158428
		x[12]=-0.118071
		x[13]=-0.0777119
		x[14]=-0.0373529
		x[15]=0.00300612
		x[16]=0.0473579
		x[17]=0.0917085
		x[18]=0.136059
		x[19]=0.18041
		x[20]=0.22476
		x[21]=0.269111
		x[22]=0.313461
		x[23]=0.357812
		x[24]=0.402162
		x[25]=0.446513
		x[26]=0.490864
		x[27]=0.535214
		x[28]=0.579565
		x[29]=0.623018
		x[30]=0.668647
		x[31]=0.71656
		x[32]=0.766871
		x[33]=0.8197
		x[34]=0.875174
		x[35]=0.933425
		x[36]=0.994591
		x[37]=1.05882
		x[38]=1.12626
		x[39]=1.19708
		x[40]=1.27142
	Ny=32
		y[0]=-0.716344
		y[1]=-0.645614
		y[2]=-0.57833
		y[3]=-0.514307
		y[4]=-0.453386
		y[5]=-0.395418
		y[6]=-0.340259
		y[7]=-0.287773
		y[8]=-0.23783
		y[9]=-0.190308
		y[10]=-0.145088
		y[11]=-0.10206
		y[12]=-0.0611173
		y[13]=-0.0221585
		y[14]=0.0155096
		y[15]=0.053178
		y[16]=0.0908464
		y[17]=0.128515
		y[18]=0.166183
		y[19]=0.203852
		y[20]=0.242808
		y[21]=0.283748
		y[22]=0.326775
		y[23]=0.371993
		y[24]=0.419515
		y[25]=0.469458
		y[26]=0.521945
		y[27]=0.577106
		y[28]=0.635077
		y[29]=0.696001
		y[30]=0.760029
		y[31]=0.827318
		y[32]=0.898016
	Nz=32
		z[0]=-0.781842
		z[1]=-0.71133
		z[2]=-0.644207
		z[3]=-0.580296
		z[4]=-0.519443
		z[5]=-0.461502
		z[6]=-0.406332
		z[7]=-0.353803
		z[8]=-0.303787
		z[9]=-0.256163
		z[10]=-0.210819
		z[11]=-0.167644
		z[12]=-0.126534
		z[13]=-0.0873921
		z[14]=-0.0453768
		z[15]=-0.00336208
		z[16]=0.0386526
		z[17]=0.0806673
		z[18]=0.122682
		z[19]=0.164697
		z[20]=0.203845
		z[21]=0.24496
		z[22]=0.288141
		z[23]=0.333491
		z[24]=0.381118
		z[25]=0.431137
		z[26]=0.483669
		z[27]=0.538839
		z[28]=0.59678
		z[29]=0.657631
		z[30]=0.721539
		z[31]=0.788656
		z[32]=0.859128
-----------------------------------------------------------------------
Input_mesh_settings--------------------------------
Settings 0----------------
	Scope: GLOBAL
	Type:	------MESHER_SETTINGS----------
	RefAllCells           =0
	RefFluidCells         =0
	RefPartCells          =0
	RefSolidCells         =0
	l_SSFR(Capture crit)  =1
	l_curv(Curvature crit)=0
	l_tol(Tolerance crit) =0
	UseChannelRef         =1
	  NCR_method          =0
	  l_NCR               =1
	  N_gap               =5
	  Use d_NCR_min       =0
	  Use d_NCR_max       =0
	CloseThinSlotsHeight         =0
	--END_OF_MESHER_SETTINGS-------
End of input mesh settings-------------------------
-----------------------------------------------------------------------
Memory Working Set Current = 64.69 Mb, Memory Working Set Peak = 64.69 Mb
Memory Private Bytes Current = 65.50 Mb, Memory Private Bytes Peak = 65.50 Mb
Process Threads Number: 18
-----------------------------------------------------------------------
MMP (msh): locals=1, allc_sz=5.41 MB, used_sz=5.00 MB, blks-min-max=24/24
MMP (brx): locals=12, allc_sz=5.34 MB, used_sz=4.69 MB, blks-min-max=9/12
MMP (bcf): locals=0, allc_sz=0.00 MB, used_sz=0.00 MB, blks-min-max=0/0
MMP (xsl): locals=0, allc_sz=0.00 MB, used_sz=0.00 MB, blks-min-max=0/0
NxNyNz = [40, 32, 32]
base_dx=0.0512064; 
NxNyNz_reverse = [41, 32, 32]

-----------------------------------------------------------------------
Refining geometries:
-----------------------------------------------------------------------

-----------------------------------------------------------------------
Refining by triangulation...
Refinement input: 40960 bricks
	Checking crit (40960 / 40960)...167 marked (0.052 s)
	Time(refinement): 0.000 s
Setting regions (1336 / 42129)...OK (0.001 s)
	Checking crit (0 / 42129)...0 marked (0.000 s)
Refinement result (1 iterations): 42129 bricks (0.056 s)
Refinement input: 42129 bricks
	Checking crit (40793 / 42129)...0 marked (0.001 s)
Refinement result (0 iterations): 42129 bricks (0.001 s)
Collecting and processing rays:
	Adding rays...OK (0.003 s)
	new bricks = 42129 / 42129
	new rays   = 4209 (x=1236, y=1500, z=1473)
	Processing rays...
		Rays process:  0.003 (0.003) s
		Sort xstacks:  0.000 (0.000) s
		Put xstacks:   0.000 (0.000) s
		Total:         0.004 s
	Correcting rays...
		Lame vertices: 0.001 (0.001) s
		Bad rays:      0.000 (0.000) s
		Emit rays:     0.000 (0.000) s
		Correct ray f: 0.000 (0.000) s
		Undef:         0.000 (0.000) s
		Sum:           0.001 (0.001) s
		Total:         0.002 s
	Time (rays): 0.010 s
Capturing (42129 / 42129)...OK (0.002 s)
Refining by triangulation takes 0.069 s
-----------------------------------------------------------------------

-----------------------------------------------------------------------
Refining peculiar surfaces...
Collecting and processing rays:
	Adding rays...OK (0.000 s)
	new bricks = 0 / 42129
	new rays   = 0 (x=0, y=0, z=0)
	Processing rays...
		Rays process:  0.000 (0.000) s
		Sort xstacks:  0.000 (0.000) s
		Put xstacks:   0.000 (0.000) s
		Total:         0.000 s
	Correcting rays...
		Total:         0.000 s
	Time (rays): 0.001 s
Capturing (0 / 42129)...OK (0.000 s)
0 surfaces refined
Refining peculiar surfaces takes 0.002 s
-----------------------------------------------------------------------

-----------------------------------------------------------------------
Base mesh 1 Refining...
Collecting and processing rays:
	Adding rays...OK (0.000 s)
	new bricks = 0 / 42129
	new rays   = 0 (x=0, y=0, z=0)
	Processing rays...
		Rays process:  0.000 (0.000) s
		Sort xstacks:  0.000 (0.000) s
		Put xstacks:   0.000 (0.000) s
		Total:         0.000 s
	Correcting rays...
		Total:         0.000 s
	Time (rays): 0.001 s
Capturing (0 / 42129)...OK (0.000 s)
Refinement input: 42129 bricks
	Checking crit (40793 / 42129)...0 marked (0.000 s)
Refinement result (0 iterations): 42129 bricks (0.000 s)
-----------------------------------------------------------------------
Refining channels...
FYI: CNarrowChannelRefiner::RefineChannels_PRLL
Refinement input: 42129 bricks
	Time(refinement): 0.000 s
Setting regions (696 / 42738)...OK (0.000 s)
Refinement result (1 iterations): 42738 bricks (0.003 s)
Collecting and processing rays:
	Adding rays...OK (0.000 s)
	new bricks = 696 / 42738
	new rays   = 0 (x=0, y=0, z=0)
	Processing rays...
		Rays process:  0.000 (0.000) s
		Sort xstacks:  0.000 (0.000) s
		Put xstacks:   0.000 (0.000) s
		Total:         0.000 s
	Correcting rays...
		Total:         0.000 s
	Time (rays): 0.001 s
Capturing (696 / 42738)...OK (0.000 s)
FYI: m_iteration_count = 0
FYI: level1 statistics:
     level1_cnt_plus[1]=696;		level1_cnt_minus[1]=0
     level1_cnt_plus[2]=0;		level1_cnt_minus[2]=0
     level1_cnt_plus[3]=0;		level1_cnt_minus[3]=0
     level1_cnt_plus[4]=0;		level1_cnt_minus[4]=0
     level1_cnt_plus[5]=0;		level1_cnt_minus[5]=0
     level1_cnt_plus[6]=0;		level1_cnt_minus[6]=0
     level1_cnt_plus[7]=0;		level1_cnt_minus[7]=0
     level1_cnt_plus[8]=0;		level1_cnt_minus[8]=0
     level1_cnt_plus[9]=0;		level1_cnt_minus[9]=0
FYI: m_iteration_count = 1
FYI: level1 statistics:
     level1_cnt_plus[1]=696;		level1_cnt_minus[1]=0
     level1_cnt_plus[2]=0;		level1_cnt_minus[2]=0
     level1_cnt_plus[3]=0;		level1_cnt_minus[3]=0
     level1_cnt_plus[4]=0;		level1_cnt_minus[4]=0
     level1_cnt_plus[5]=0;		level1_cnt_minus[5]=0
     level1_cnt_plus[6]=0;		level1_cnt_minus[6]=0
     level1_cnt_plus[7]=0;		level1_cnt_minus[7]=0
     level1_cnt_plus[8]=0;		level1_cnt_minus[8]=0
     level1_cnt_plus[9]=0;		level1_cnt_minus[9]=0
FYI: level1 statistics:
     level1_cnt_plus[1]=696;		level1_cnt_minus[1]=0
     level1_cnt_plus[2]=0;		level1_cnt_minus[2]=0
     level1_cnt_plus[3]=0;		level1_cnt_minus[3]=0
     level1_cnt_plus[4]=0;		level1_cnt_minus[4]=0
     level1_cnt_plus[5]=0;		level1_cnt_minus[5]=0
     level1_cnt_plus[6]=0;		level1_cnt_minus[6]=0
     level1_cnt_plus[7]=0;		level1_cnt_minus[7]=0
     level1_cnt_plus[8]=0;		level1_cnt_minus[8]=0
     level1_cnt_plus[9]=0;		level1_cnt_minus[9]=0

-----------------------------------------------------------------------
U-shapes refinement...
Refinement input: 42738 bricks
	Checking crit (40706 / 42738)...0 marked (0.002 s)
Refinement result (0 iterations): 42738 bricks (0.002 s)
Collecting and processing rays:
	Adding rays...OK (0.000 s)
	new bricks = 0 / 42738
	new rays   = 0 (x=0, y=0, z=0)
	Processing rays...
		Rays process:  0.000 (0.000) s
		Sort xstacks:  0.000 (0.000) s
		Put xstacks:   0.000 (0.000) s
		Total:         0.000 s
	Correcting rays...
		Total:         0.000 s
	Time (rays): 0.001 s
Capturing (0 / 42738)...OK (0.000 s)
-----------------------------------------------------------------------

-----------------------------------------------------------------------
Equi Distant Refiner:
Equi Distant Refiner takes 0.00 s
-----------------------------------------------------------------------

/-Ray Intersection---------------/ Time	0.011 s
Calls                4209
CorrectRay Calls     0



-----------------------------------------------------------------------
Refining geometries takes 0.164 s
-----------------------------------------------------------------------
-----------------------------------------------------------------------
Memory Working Set Current = 73.65 Mb, Memory Working Set Peak = 73.65 Mb
Memory Private Bytes Current = 73.47 Mb, Memory Private Bytes Peak = 73.47 Mb
Process Threads Number: 18
-----------------------------------------------------------------------
Defect ray count	0
FYI: CNarrowChannelRefiner::RedistributeLevel1_step_1: is started
FYI: CNarrowChannelRefiner::RedistributeLevel1_step_1: is finished (0.000 s)
FYI: level1 statistics:
     level1_cnt_plus[1]=696;		level1_cnt_minus[1]=0
     level1_cnt_plus[2]=0;		level1_cnt_minus[2]=0
     level1_cnt_plus[3]=0;		level1_cnt_minus[3]=0
     level1_cnt_plus[4]=0;		level1_cnt_minus[4]=0
     level1_cnt_plus[5]=0;		level1_cnt_minus[5]=0
     level1_cnt_plus[6]=0;		level1_cnt_minus[6]=0
     level1_cnt_plus[7]=0;		level1_cnt_minus[7]=0
     level1_cnt_plus[8]=0;		level1_cnt_minus[8]=0
     level1_cnt_plus[9]=0;		level1_cnt_minus[9]=0
FYI: CNarrowChannelRefiner::RedistributeLevel1_step_2: is started
FYI: CNarrowChannelRefiner::RedistributeLevel1_step_2: is finished (0.049 s)
FYI: level1 statistics:
     level1_cnt_plus[1]=1729;		level1_cnt_minus[1]=0
     level1_cnt_plus[2]=0;		level1_cnt_minus[2]=0
     level1_cnt_plus[3]=0;		level1_cnt_minus[3]=0
     level1_cnt_plus[4]=0;		level1_cnt_minus[4]=0
     level1_cnt_plus[5]=0;		level1_cnt_minus[5]=0
     level1_cnt_plus[6]=0;		level1_cnt_minus[6]=0
     level1_cnt_plus[7]=0;		level1_cnt_minus[7]=0
     level1_cnt_plus[8]=0;		level1_cnt_minus[8]=0
     level1_cnt_plus[9]=0;		level1_cnt_minus[9]=0
FYI: CNarrowChannelRefiner::RedistributeLevel1_step_3: is started
FYI: CNarrowChannelRefiner::RedistributeLevel1_step_3: is finished (0.002 s)
RedistributeLevel1 takes:
FYI: level1 statistics:
     level1_cnt_plus[1]=1729;		level1_cnt_minus[1]=303
     level1_cnt_plus[2]=0;		level1_cnt_minus[2]=0
     level1_cnt_plus[3]=0;		level1_cnt_minus[3]=0
     level1_cnt_plus[4]=0;		level1_cnt_minus[4]=0
     level1_cnt_plus[5]=0;		level1_cnt_minus[5]=0
     level1_cnt_plus[6]=0;		level1_cnt_minus[6]=0
     level1_cnt_plus[7]=0;		level1_cnt_minus[7]=0
     level1_cnt_plus[8]=0;		level1_cnt_minus[8]=0
     level1_cnt_plus[9]=0;		level1_cnt_minus[9]=0
-----------------------------------------------------------------------
MSH format builder (Iteration 0)
-----------------------------------------------------------------------
Memory Working Set Current = 73.62 Mb, Memory Working Set Peak = 75.55 Mb
Memory Private Bytes Current = 73.61 Mb, Memory Private Bytes Peak = 75.43 Mb
Process Threads Number: 18
-----------------------------------------------------------------------
Total bricks count: 42738
-----------------------------------------------------------------------
MSH (Real Geometry) format constructor:
	Geom    Count = 2
	Bodyset Count = 2
	3D task
	Getting brick sets...OK (0.001 s)

	Min x-stack xeps = 0.000115001
	D / dh / eps [axis=0] = (2.07561, 0.0201795, 2.01795e-05)
	D / dh / eps [axis=1] = (1.61436, 0.018834, 1.8834e-05)
	D / dh / eps [axis=2] = (1.64097, 0.0195712, 1.95712e-05)
	Time (xeps): 0.001 s
Level 1
	Set (0)  size: 1016
	Set (0)  time: 0.352 s
	Set (1)  size: 1016
	Set (1)  time: 0.233 s
Level 0
	Set (0)  size: 20353
	Set (0)  time: 0.005 s
	Set (1)  size: 20353
	Set (1)  time: 0.006 s

	Spread npq bricks...48 marked (0.001 s)

Result:
	Bricks number:                        42738

	Memory usage:                         1.974 MB
	Memory usage (per brick):             0.047 KB
	Construction time:                    0.699 s

	Topology features:
	------------------
	- High quality bricks                   99.71 % (42615)
	- Medium quality bricks                  0.29 % (122)
	- Bad quality bricks                     0.00 % (1)
	- NPQ bricks                             0.40 % (170)
	- Type-1 bricks                          2.85 % (1220)
	- Ribs corrected bricks                  0.00 % (0)
	- Points with geom-info (bricks)         0.43 % (182)
	- Points with closest-info (bricks)      0.07 % (28)
	- Triangulated by center (bricks)        0.39 % (165)
	- Facet w-faces mergings (bricks)        0.00 % (0)
	- To refine (bricks)                     0.00 % (1)
	- Points-count                           0.00 % (0)
	- T-self-intersection-all (bricks)       0.00 % (0)
	- T-self-intersection-simple (bricks)    0.00 % (0)
	- T-self-intersection-complex (bricks)   0.00 % (0)
	- NPQ by reason 1 u-shape                0.03 % (12)
	- NPQ by reason 2 tri-by-ctr             0.08 % (35)
	- NPQ by reason 3 ray-correction         0.00 % (0)
	- NPQ by reason 4 t-self-intersection    0.00 % (0)
	- NPQ by reason 5 non-good               0.29 % (123)
	- NPQ by reason 6 npq-worker             0.00 % (0)

-----------------------------------------------------------------------
Memory Working Set Current = 144.21 Mb, Memory Working Set Peak = 144.21 Mb
Memory Private Bytes Current = 147.54 Mb, Memory Private Bytes Peak = 147.54 Mb
Process Threads Number: 18
-----------------------------------------------------------------------
-----------------------------------------------------------------------
msh-iterations: 1
-----------------------------------------------------------------------
high---q-brick-count =  99.71 % (42738 42615)
medium-q-brick-count =   0.29 % (42738 122)
bad----q-brick-count =   0.00 % (42738 1)
np-----q-brick-count =   0.51 % (42738 218)
-----------------------------------------------------------------------
Free brick parser storage...OK(0.094 s)
-----------------------------------------------------------------------
Memory Working Set Current = 90.15 Mb, Memory Working Set Peak = 144.26 Mb
Memory Private Bytes Current = 98.45 Mb, Memory Private Bytes Peak = 147.54 Mb
Process Threads Number: 18
-----------------------------------------------------------------------
-----------------------------------------------------------------------
MSH --> BCF format (Iteration 0)...
BCF collector...(remove mode=0)
	Time (alloc counter per brick): 0.002 s
	Brick    count: 42738
	Av.f all count: 43430
	Av.s all count: 1407
	Av.f pid count: 1913
	Av.s pid count: 1406
	Faces fs count: 7412
	Faces ff count: 0
	Faces ss count: 0
	Faces bb count: 11
	Faces fe count: 7168
	Faces se count: 0
	Faces fw count: 14580
	Faces af count: 126302
	Faces as count: 3133
	Time (all count): 	0.011 s
	Time (bcf alloc): 	0.003 s
	Time (shifts alloc): 	0.007 s
	Time (shifts init): 	0.007 s
	Time (bcf fill): 	0.004 s
	Time (add av to faces): 0.000 s
	Time (add faces to av): 0.002 s
Time (bcf collect): 		0.034 s
	AV checker...
		Hole marker...
			Subdomains:               1.
			Subdomains (cond):        3.
			Time (sd):      0.004 s.
			Time (sd_cond): 0.004 s.
			Time (potential-hole marking): 	0.001 s
			Time (hole checking): 0.000 s.
			0 av(s) are marked to fill subdomain holes.
		Time (hole marker): 0.011 s.
	Time (check av): 	0.020 s
	Subdomain checker...
		Subdomains construction time: 0.005 s.
		Subdomains sort time: 0.000 s.
			Subdomain 0 (geom_ind=0): 43430 av
			Subdomain 1 (geom_ind=1): 1403 av
			Subdomain 2 (geom_ind=1): 4 av
		gi: 0, real bodies: 1
		gi: 0, subdomains:  1
		gi: 1, real bodies: 0
		gi: 1, subdomains:  2
		Defect subdomains: 0
	Time (check subdoms): 	0.006 s
Time (bcf iteration total): 	0.061 s
	Time (fw-nb): 		0.001 s
	Fixed mutual fw-nb:     6894 (bb: 17)
	Time (fw-nb mutual): 	0.001 s
	Time (fw-nb sort): 	0.000 s
	Fw-opt BEFORE total:    14580 (fs=7412, ff=0, ss=0)
	Fw-opt AFTER  total:    14182 (fs=7014, ff=0, ss=0, failed fw/br=30/5, big_curv=229, big_poly=20)
	Fw-opt RESULT:          398 (res/(fs+ff+ss) = 5.37 %)
	Time (fw-opt): 		0.001 s
	Time (fw-re-order): 	0.001 s
	Time (fw-nb): 		0.015 s
	Fixed mutual fw-nb:     27664 (bb: 17)
	Time (fw-nb mutual): 	0.001 s
	Time (fw-nb sort): 	0.000 s
	Time (rfd fix): 	0.000 s
	Time (av convexity): 	0.001 s
	Time (av small volume): 0.000 s
	Time (diagonal fw-nb): 	0.017 s
	Fixed mutual fw-nb:     0 (bb: 0)
	Time (fw-nb mutual): 	0.001 s
	Time (fw-nb sort): 	0.000 s
	Fluid subdomains: 1
	Faces fw-nb diff sd:    0
	Time (fw-nb diff sd): 	0.006 s
Time (bcf calc): 		0.050 s
-----------------------------------------------------------------------
Time (bcf total): 		0.112 s
-----------------------------------------------------------------------
bcf-iterations: 1
-----------------------------------------------------------------------
-----------------------------------------------------------------------
Mega-cv constructor for fluid...
	 54 av's is treated as thin
Relative size generator (threshold = 0.05)...
	Iteration 1 (small cluster count = 87)
	Iteration 2 (small cluster count = 33)
	Iteration 3 (small cluster count = 3)
	Iteration 4 (small cluster count = 0)
	 87 mega-cv's generated
	 1 mega-cv's removed
Relative size generator is completed OK (0.002 s)
Apply fa-rules to mega-cv clusters fixes...
OK (0.000 s)
Convert clusters:
	 86 mega-cv's total
Mega-cv count: 86
Time (mega-cv fill): 	0.000 s
Time (mega-cv total): 	0.013 s
-----------------------------------------------------------------------
Mixing plane rotation regions: NO.
Sliding mesh rotation regions: NO.
Fluid/fluid faces: NO.
-----------------------------------------------------------------------
Memory Working Set Current = 110.07 Mb, Memory Working Set Peak = 144.26 Mb
Memory Private Bytes Current = 127.62 Mb, Memory Private Bytes Peak = 147.54 Mb
Process Threads Number: 18
-----------------------------------------------------------------------
----------------------------------------------------------
BCF --> BCF.GEOMSUBDOM (bridge arrays):
MESH (0):
	Fluid Subdom Constructor: 1 subdom(s).
	Solid Subdom Constructor: 2 subdom(s).
	Net Asm Subdom Constructor: 0 subdom(s).
	GEOMSUBDOM (0): gi=0 Fluid av=43430 cv=43342 fa=126302 fb=0 fw=14182 V=5.497082e+00
	Cache data...OK
	GEOMSUBDOM (1): gi=1 Solid av=1403 cv=1403 fa=3129 fb=0 fw=6998 V=1.442730e-03
	Cache data...OK
	GEOMSUBDOM (2): gi=1 Solid av=4 cv=4 fa=4 fb=0 fw=16 V=1.336011e-07
	Cache data...OK
	Setting nb of w-faces...OK (0.002 s).
	Correcting nb of w-faces...
	Time(correct_fw_nb)=0.002 s

MESH (0) checking:
	GEOMSUBDOM (0):fa_s=313.7640397588705241 fb_s=0.0000000000000000 fw_s=19.7360074946020774 fw_nb=139736
	              :d_const(26971)=1.56028e-12 d_linear(23413)=4.59774e-12
	GEOMSUBDOM (1):fa_s=0.2599510410420032 fb_s=0.0000000000000000 fw_s=0.9240291759594861 fw_nb=82304
	              :d_const(1133)=1.764e-12 d_linear(728)=1.32978e-11
	GEOMSUBDOM (2):fa_s=0.0000780007963689 fb_s=0.0000000000000000 fw_s=0.0001736939727472 fw_nb=112
	              :d_const(0)=3.69666e-17 d_linear(2)=3.75778e-15
MESH (0) checking: OK.
Time (MDS): 	0.039 s
----------------------------------------------------------
-----------------------------------------------------------------------
Memory Working Set Current = 121.86 Mb, Memory Working Set Peak = 144.26 Mb
Memory Private Bytes Current = 139.24 Mb, Memory Private Bytes Peak = 147.54 Mb
Process Threads Number: 18
-----------------------------------------------------------------------

-----------------------------------------------------------------------
BCF CHECKSUM DATA (Mesh 0):

WARNING! 23 w-face(s) without RefFacesData.
BRICK |Level1| Sum:               2032
FACE_A Area Sum:   G.Fluid        313.7640397588706946
FACE_A Area Sum:   G.Solid        0.2600290418383721
FACE_W Area Sum:                  19.7360074946020809
FACE_W Nb   Sum:                  139736
FACE_W min curvatures sum:        -186352.30713844
FACE_W max curvatures sum:        568729.54341245
AV Max Disbalance(Const) :        1.76398e-12 (cid=22427, t={27, 37, 32}, avid=44278, pid=847)
AV Max Disbalance(Linear):        1.45928e-11 (cid=22433, t={29, 36, 32}, avid=22846, pid=1142)
-----------------------------------------------------------------------


-----------------------------------------------------------------------
MESHER TOPOLOGY DATA:

BRICKS: Total                 42738
BRICKS: Fluid                 42737
BRICKS: Fluid Partial         1220
BRICKS: Type 1                1220
BRICKS: Max AV number         5

AV:     G.Total               44837
AV:     G.Fluid               43430
AV:     G.Solid               1407

AV:     G.Fluid Thin Profile    0.40 % (172)
AV:     G.Solid Thin Profile   43.92 % (618)

AV:     G.Fluid Thin For Mega   0.12 % (54)
AV:     G.Solid Thin For Mega  25.16 % (354)

AV:     G.Fluid Non-Convex      1.70 % (737)
AV:     G.Solid Non-Convex     38.52 % (542)

AV:     G.Fluid Non-Ess-Convex      1.67 % (724)
AV:     G.Solid Non-Ess-Convex     38.02 % (535)

FACE_A: G.Fluid          (af) 126302 (partially opened 4057)
FACE_A: G.Solid          (as) 3133 (partially opened 2915)

FACE_B: G.Total          (b)  0

FACE_W: G.Total                 14182       Brick/Bound
FACE_W: G.Fluid/Solid    (fs_g) 7014        11          
FACE_W: G.Fluid/Fluid    (ff_g) 0           0           
FACE_W: G.Solid/Solid    (ss_g) 0           0           
FACE_W: G.Fluid/Void     (fv_g) 0           0           
FACE_W: G.Fluid/External (fe_g) 7168
FACE_W: G.Solid/External (se_g) 0

AV/CV max fa count (on brick side):5
AV/CV max fw count:                5
AV/CV max fb count:                0
AV/CV max fw poly count:           62

MEMORY: Total                   14.572 MB
MEMORY: Per Brick               0.349 KB
-----------------------------------------------------------------------

-----------------------------------------------------------------------
Connectivities information:
	Number of conns: 0
-----------------------------------------------------------------------
	Time (gap size): 	0.010 s
-----------------------------------------------------------------------
Memory Working Set Current = 128.73 Mb, Memory Working Set Peak = 144.26 Mb
Memory Private Bytes Current = 143.05 Mb, Memory Private Bytes Peak = 147.54 Mb
Process Threads Number: 18
-----------------------------------------------------------------------
-----------------------------------------------------------------------
Calculating curvature and tolerance criteria...
Curvature: min=0 (cid=0) max=3.14159 (cid=15898)
Tolerance: min=0 (cid=0) max=0.0223864 (cid=25444)
Calculating curvature and tolerance criteria takes 0.070 s
-----------------------------------------------------------------------
MESH Build(FS) finished. Time=1.354 s
-----------------------------------------------------------------------
Current CPU = 2 sec

Nx=40
Ny=32
Nz=32
Max BRICK Level=1
Mesh Level=1
-----------------CModelBodies2MeshMapper::CollectData started -------------------------------
	Time (collect mesh base data): 0.003 s.
	Time (collect model bodies mapping): 0.000 s.
	Time (collect positive bodies mapping): 0.000 s.
	Time (collect fluid bodies mapping): 0.001 s.
-----------------CModelBodies2MeshMapper Report -------------------------------
FluidDomains 1 SolidDomains 2 VoidDomains 0 
Domains RefIndexes
----------------- -------------------------------
	ModelBodies
Total resolved Bodies 0 BodySets 0

--------------------------------------------------------------------------
	Positive geometry Bodies
Total resolved Bodies 1 BodySets 1
BodySet 0
	Bodies list:
			#0	Name: ;	ID: c2dfab56-7754-4c16-9eb0-dda5c7efb1ea
	Domains list:mesh type	 (0, 1)		 0 


--------------------------------------------------------------------------
	Fluid regions
Total resolved Bodies 1 BodySets 1
BodySet 0	Material: Air; 
	Bodies list:
			#0	Name: ;	ID: c2dfab56-7754-4c16-9eb0-dda5c7efb1ea
	Domains list:mesh type	 (0, 1)		 0 


--------------------------------------------------------------------------
Collect data takes...0.005 s
-----------------CModelBodies2MeshMapper::CollectData finished successfully-------------------
Saving initial mesh in: C:\Users\3adas\Desktop\eng design\project\solid\base\insid_cube\1\1.fld .
Storing results...
	Estimated CPT size=5.746 MB.
	Time (write bcf): 0.167 s
Storing results takes 0.171 s
-----------------------------------------------------------------------
Memory Working Set Current = 129.36 Mb, Memory Working Set Peak = 144.26 Mb
Memory Private Bytes Current = 143.05 Mb, Memory Private Bytes Peak = 147.54 Mb
Process Threads Number: 18
-----------------------------------------------------------------------
Cleaning memory...
-----------------------------------------------------------------------
Start to free mesher data...
MMP (msh): locals=11, allc_sz=5.75 MB, used_sz=5.25 MB, blks-min-max=1/24
MMP (brx): locals=12, allc_sz=8.31 MB, used_sz=7.39 MB, blks-min-max=11/14
MMP (bcf): locals=12, allc_sz=22.22 MB, used_sz=21.26 MB, blks-min-max=12/33
MMP (xsl): locals=12, allc_sz=0.19 MB, used_sz=0.08 MB, blks-min-max=1/1
Free xsl...            OK	Time=0.000 s
Free ray collector...  OK	Time=0.000 s
Free ray intersector...OK	Time=0.000 s
Free body sets...      OK	Time=0.005 s
Free Geometry DB takes 0.000 s
Free mesh conn...      OK	Time=0.000 s
Free geomsd...         OK	Time=0.000 s
Free mbricks...        OK	Time=0.001 s
Free hash info...      OK	Time=0.001 s
Free bricks-x...       OK	Time=0.000 s
Free bcf...            OK	Time=0.002 s
Free mesh h...         OK	Time=0.000 s
Free bricks arr..      OK	Time=0.000 s
Free bricks tree...    OK	Time=0.000 s
Free mesh pools...     OK	Time=0.003 s
Free bodies mapper...  OK	Time=0.000 s
Free geom crits...     OK	Time=0.000 s
Free cpt regions...    OK	Time=0.000 s
Free peculiar surfs... OK	Time=0.000 s
Free sw-geometries...  OK	Time=0.000 s
Total free mesher data time: 0.015 s
-----------------------------------------------------------------------
Copying... OK
CPT size=2.196 MB (2302930 bytes).
Mesh generation normally finished at	2.6.2024	19:3:1
Mesher CPU = 2 sec
Mesher is finished at	2.6.2024	19:3:1
-----------------------------------------------------------------------
Memory Working Set Current = 59.61 Mb, Memory Working Set Peak = 144.26 Mb
Memory Private Bytes Current = 68.02 Mb, Memory Private Bytes Peak = 147.54 Mb
Process Threads Number: 18
-----------------------------------------------------------------------
Algebra Pool      : mem_usage = 1.38 Mb, allocated count = 0
-----------------------------------------------------------------------
Memory Working Set Current = 58.45 Mb, Memory Working Set Peak = 144.26 Mb
Memory Private Bytes Current = 66.71 Mb, Memory Private Bytes Peak = 147.54 Mb
Process Threads Number: 18
Process Threads Number Peak: 18
-----------------------------------------------------------------------
Log ended at 02.06.2024	19:03:01
